<?xml version="1.0" encoding="UTF-8"?>
<testng-results ignored="0" total="1" passed="1" failed="0" skipped="0">
  <reporter-output>
  </reporter-output>
  <suite started-at="2021-05-19T15:25:05 EDT" name="Default suite" finished-at="2021-05-19T15:25:17 EDT" duration-ms="11772">
    <groups>
    </groups>
    <test started-at="2021-05-19T15:25:05 EDT" name="Default test" finished-at="2021-05-19T15:25:17 EDT" duration-ms="11772">
      <class name="explicitWaits.BasicWaitCommands">
        <test-method is-config="true" signature="openBrowser()[pri:0, instance:explicitWaits.BasicWaitCommands@5f77d0f9]" started-at="2021-05-19T15:25:05 EDT" name="openBrowser" finished-at="2021-05-19T15:25:16 EDT" duration-ms="10996" status="PASS">
          <reporter-output>
          </reporter-output>
        </test-method> <!-- openBrowser -->
        <test-method signature="zipCodeUsingCss()[pri:0, instance:explicitWaits.BasicWaitCommands@5f77d0f9]" started-at="2021-05-19T15:25:16 EDT" name="zipCodeUsingCss" finished-at="2021-05-19T15:25:17 EDT" duration-ms="720" status="PASS">
          <reporter-output>
          </reporter-output>
        </test-method> <!-- zipCodeUsingCss -->
      </class> <!-- explicitWaits.BasicWaitCommands -->
    </test> <!-- Default test -->
  </suite> <!-- Default suite -->
</testng-results>
